19:57:18.233 [Thread-3] TRACE com.svalero.multihilo.controller.DownloadController - Descarga https://proof.ovh.net/files/1Gb.dat cancelada
19:57:20.341 [JavaFX Application Thread] TRACE com.svalero.multihilo.controller.DownloadController - Descarga https://proof.ovh.net/files/1Gb.dat detenida
19:59:31.540 [JavaFX Application Thread] INFO  com.svalero.multihilo.controller.DownloadController - Descarga https://proof.ovh.net/files/1Gb.dat creada
19:59:31.561 [JavaFX Application Thread] INFO  com.svalero.multihilo.controller.DownloadController - Descarga https://proof.ovh.net/files/1Gb.dat creada
19:59:31.580 [JavaFX Application Thread] INFO  com.svalero.multihilo.controller.DownloadController - Descarga https://proof.ovh.net/files/1Gb.dat creada
19:57:18.233 [Thread-3] TRACE com.svalero.multihilo.controller.DownloadController - Descarga https://proof.ovh.net/files/1Gb.dat cancelada
19:57:20.341 [JavaFX Application Thread] TRACE com.svalero.multihilo.controller.DownloadController - Descarga https://proof.ovh.net/files/1Gb.dat detenida
19:59:31.540 [JavaFX Application Thread] INFO  com.svalero.multihilo.controller.DownloadController - Descarga https://proof.ovh.net/files/1Gb.dat creada
19:59:31.561 [JavaFX Application Thread] INFO  com.svalero.multihilo.controller.DownloadController - Descarga https://proof.ovh.net/files/1Gb.dat creada
19:59:31.580 [JavaFX Application Thread] INFO  com.svalero.multihilo.controller.DownloadController - Descarga https://proof.ovh.net/files/1Gb.dat creada
19:57:18.233 [Thread-3] TRACE com.svalero.multihilo.controller.DownloadController - Descarga https://proof.ovh.net/files/1Gb.dat cancelada
19:57:20.341 [JavaFX Application Thread] TRACE com.svalero.multihilo.controller.DownloadController - Descarga https://proof.ovh.net/files/1Gb.dat detenida
19:59:31.540 [JavaFX Application Thread] INFO  com.svalero.multihilo.controller.DownloadController - Descarga https://proof.ovh.net/files/1Gb.dat creada
19:59:31.561 [JavaFX Application Thread] INFO  com.svalero.multihilo.controller.DownloadController - Descarga https://proof.ovh.net/files/1Gb.dat creada
19:59:31.580 [JavaFX Application Thread] INFO  com.svalero.multihilo.controller.DownloadController - Descarga https://proof.ovh.net/files/1Gb.dat creada
19:57:18.233 [Thread-3] TRACE com.svalero.multihilo.controller.DownloadController - Descarga https://proof.ovh.net/files/1Gb.dat cancelada
19:57:20.341 [JavaFX Application Thread] TRACE com.svalero.multihilo.controller.DownloadController - Descarga https://proof.ovh.net/files/1Gb.dat detenida
19:59:31.540 [JavaFX Application Thread] INFO  com.svalero.multihilo.controller.DownloadController - Descarga https://proof.ovh.net/files/1Gb.dat creada
19:59:31.561 [JavaFX Application Thread] INFO  com.svalero.multihilo.controller.DownloadController - Descarga https://proof.ovh.net/files/1Gb.dat creada
19:59:31.580 [JavaFX Application Thread] INFO  com.svalero.multihilo.controller.DownloadController - Descarga https://proof.ovh.net/files/1Gb.dat creada
19:57:18.233 [Thread-3] TRACE com.svalero.multihilo.controller.DownloadController - Descarga https://proof.ovh.net/files/1Gb.dat cancelada
19:57:20.341 [JavaFX Application Thread] TRACE com.svalero.multihilo.controller.DownloadController - Descarga https://proof.ovh.net/files/1Gb.dat detenida
19:59:31.540 [JavaFX Application Thread] INFO  com.svalero.multihilo.controller.DownloadController - Descarga https://proof.ovh.net/files/1Gb.dat creada
19:59:31.561 [JavaFX Application Thread] INFO  com.svalero.multihilo.controller.DownloadController - Descarga https://proof.ovh.net/files/1Gb.dat creada
19:59:31.580 [JavaFX Application Thread] INFO  com.svalero.multihilo.controller.DownloadController - Descarga https://proof.ovh.net/files/1Gb.dat creada
19:57:18.233 [Thread-3] TRACE com.svalero.multihilo.controller.DownloadController - Descarga https://proof.ovh.net/files/1Gb.dat cancelada
19:57:20.341 [JavaFX Application Thread] TRACE com.svalero.multihilo.controller.DownloadController - Descarga https://proof.ovh.net/files/1Gb.dat detenida
19:59:31.540 [JavaFX Application Thread] INFO  com.svalero.multihilo.controller.DownloadController - Descarga https://proof.ovh.net/files/1Gb.dat creada
19:59:31.561 [JavaFX Application Thread] INFO  com.svalero.multihilo.controller.DownloadController - Descarga https://proof.ovh.net/files/1Gb.dat creada
19:59:31.580 [JavaFX Application Thread] INFO  com.svalero.multihilo.controller.DownloadController - Descarga https://proof.ovh.net/files/1Gb.dat creada
19:57:18.233 [Thread-3] TRACE com.svalero.multihilo.controller.DownloadController - Descarga https://proof.ovh.net/files/1Gb.dat cancelada
19:57:20.341 [JavaFX Application Thread] TRACE com.svalero.multihilo.controller.DownloadController - Descarga https://proof.ovh.net/files/1Gb.dat detenida
19:59:31.540 [JavaFX Application Thread] INFO  com.svalero.multihilo.controller.DownloadController - Descarga https://proof.ovh.net/files/1Gb.dat creada
19:59:31.561 [JavaFX Application Thread] INFO  com.svalero.multihilo.controller.DownloadController - Descarga https://proof.ovh.net/files/1Gb.dat creada
19:59:31.580 [JavaFX Application Thread] INFO  com.svalero.multihilo.controller.DownloadController - Descarga https://proof.ovh.net/files/1Gb.dat creada
19:57:18.233 [Thread-3] TRACE com.svalero.multihilo.controller.DownloadController - Descarga https://proof.ovh.net/files/1Gb.dat cancelada
19:57:20.341 [JavaFX Application Thread] TRACE com.svalero.multihilo.controller.DownloadController - Descarga https://proof.ovh.net/files/1Gb.dat detenida
19:59:31.540 [JavaFX Application Thread] INFO  com.svalero.multihilo.controller.DownloadController - Descarga https://proof.ovh.net/files/1Gb.dat creada
19:59:31.561 [JavaFX Application Thread] INFO  com.svalero.multihilo.controller.DownloadController - Descarga https://proof.ovh.net/files/1Gb.dat creada
19:59:31.580 [JavaFX Application Thread] INFO  com.svalero.multihilo.controller.DownloadController - Descarga https://proof.ovh.net/files/1Gb.dat creada
05:46:05.965 [JavaFX Application Thread] INFO  com.svalero.multihilo.controller.DownloadController - Descarga https://proof.ovh.net/files/1Gb.dat creada
05:46:06.033 [JavaFX Application Thread] INFO  com.svalero.multihilo.controller.DownloadController - Descarga https://proof.ovh.net/files/1Gb.dat creada
05:46:06.086 [JavaFX Application Thread] INFO  com.svalero.multihilo.controller.DownloadController - Descarga https://proof.ovh.net/files/1Gb.dat creada
05:46:29.823 [Thread-3] TRACE com.svalero.multihilo.controller.DownloadController - Descarga https://proof.ovh.net/files/1Gb.dat iniciada
05:46:41.896 [Thread-4] TRACE com.svalero.multihilo.controller.DownloadController - Descarga https://proof.ovh.net/files/1Gb.dat iniciada
05:46:49.189 [Thread-5] TRACE com.svalero.multihilo.controller.DownloadController - Descarga https://proof.ovh.net/files/1Gb.dat iniciada
05:46:55.473 [Thread-5] TRACE com.svalero.multihilo.controller.DownloadController - Descarga https://proof.ovh.net/files/1Gb.dat cancelada
05:46:55.592 [JavaFX Application Thread] TRACE com.svalero.multihilo.controller.DownloadController - Descarga https://proof.ovh.net/files/1Gb.dat detenida
05:46:58.563 [JavaFX Application Thread] INFO  com.svalero.multihilo.controller.DownloadController - Archivo https://proof.ovh.net/files/1Gb.dat borrado
05:49:29.448 [Thread-3] TRACE com.svalero.multihilo.controller.DownloadController - Descarga https://proof.ovh.net/files/1Gb.dat finalizada
05:49:49.026 [Thread-4] TRACE com.svalero.multihilo.controller.DownloadController - Descarga https://proof.ovh.net/files/1Gb.dat finalizada
05:53:30.643 [JavaFX Application Thread] INFO  com.svalero.multihilo.controller.DownloadController - Descarga https://proof.ovh.net/files/1Gb.dat creada
05:53:30.718 [JavaFX Application Thread] INFO  com.svalero.multihilo.controller.DownloadController - Descarga https://proof.ovh.net/files/1Gb.dat creada
05:53:30.737 [JavaFX Application Thread] INFO  com.svalero.multihilo.controller.DownloadController - Descarga https://proof.ovh.net/files/1Gb.dat creada
06:03:38.578 [JavaFX Application Thread] INFO  com.svalero.multihilo.controller.DownloadController - Descarga https://proof.ovh.net/files/1Gb.dat creada
06:03:38.680 [JavaFX Application Thread] INFO  com.svalero.multihilo.controller.DownloadController - Descarga https://proof.ovh.net/files/1Gb.dat creada
06:03:38.704 [JavaFX Application Thread] INFO  com.svalero.multihilo.controller.DownloadController - Descarga https://proof.ovh.net/files/1Gb.dat creada
06:07:20.830 [JavaFX Application Thread] INFO  com.svalero.multihilo.controller.DownloadController - Descarga https://proof.ovh.net/files/1Gb.dat creada
06:07:20.876 [JavaFX Application Thread] INFO  com.svalero.multihilo.controller.DownloadController - Descarga https://proof.ovh.net/files/1Gb.dat creada
06:07:20.895 [JavaFX Application Thread] INFO  com.svalero.multihilo.controller.DownloadController - Descarga https://proof.ovh.net/files/1Gb.dat creada
06:08:54.650 [Thread-3] TRACE com.svalero.multihilo.controller.DownloadController - Descarga https://proof.ovh.net/files/1Gb.dat iniciada
06:08:59.806 [Thread-4] TRACE com.svalero.multihilo.controller.DownloadController - Descarga https://proof.ovh.net/files/1Gb.dat iniciada
06:09:04.235 [Thread-5] TRACE com.svalero.multihilo.controller.DownloadController - Descarga https://proof.ovh.net/files/1Gb.dat iniciada
06:09:09.002 [Thread-5] TRACE com.svalero.multihilo.controller.DownloadController - Descarga https://proof.ovh.net/files/1Gb.dat cancelada
06:09:09.138 [JavaFX Application Thread] TRACE com.svalero.multihilo.controller.DownloadController - Descarga https://proof.ovh.net/files/1Gb.dat detenida
06:09:11.174 [Thread-4] TRACE com.svalero.multihilo.controller.DownloadController - Descarga https://proof.ovh.net/files/1Gb.dat finalizada
06:09:13.586 [JavaFX Application Thread] INFO  com.svalero.multihilo.controller.DownloadController - Archivo https://proof.ovh.net/files/1Gb.dat borrado
06:10:38.532 [Thread-3] TRACE com.svalero.multihilo.controller.DownloadController - Descarga https://proof.ovh.net/files/1Gb.dat finalizada
06:22:19.157 [JavaFX Application Thread] INFO  com.svalero.multihilo.controller.DownloadController - Descarga https://proof.ovh.net/files/1Gb.dat creada
06:22:19.238 [JavaFX Application Thread] INFO  com.svalero.multihilo.controller.DownloadController - Descarga https://proof.ovh.net/files/1Gb.dat creada
06:22:19.259 [JavaFX Application Thread] INFO  com.svalero.multihilo.controller.DownloadController - Descarga https://proof.ovh.net/files/1Gb.dat creada
06:22:34.773 [Thread-3] TRACE com.svalero.multihilo.controller.DownloadController - Descarga https://proof.ovh.net/files/1Gb.dat iniciada
06:22:44.483 [Thread-4] TRACE com.svalero.multihilo.controller.DownloadController - Descarga https://proof.ovh.net/files/1Gb.dat iniciada
06:22:48.261 [Thread-5] TRACE com.svalero.multihilo.controller.DownloadController - Descarga https://proof.ovh.net/files/1Gb.dat iniciada
06:22:51.860 [Thread-3] TRACE com.svalero.multihilo.controller.DownloadController - Descarga https://proof.ovh.net/files/1Gb.dat cancelada
06:22:51.963 [JavaFX Application Thread] TRACE com.svalero.multihilo.controller.DownloadController - Descarga https://proof.ovh.net/files/1Gb.dat detenida
06:22:53.394 [JavaFX Application Thread] INFO  com.svalero.multihilo.controller.DownloadController - Archivo https://proof.ovh.net/files/1Gb.dat borrado
06:22:53.411 [Thread-5] TRACE com.svalero.multihilo.controller.DownloadController - Descarga https://proof.ovh.net/files/1Gb.dat cancelada
06:22:53.454 [JavaFX Application Thread] TRACE com.svalero.multihilo.controller.DownloadController - Descarga https://proof.ovh.net/files/1Gb.dat detenida
06:22:54.643 [JavaFX Application Thread] INFO  com.svalero.multihilo.controller.DownloadController - Archivo https://proof.ovh.net/files/1Gb.dat borrado
06:22:54.666 [Thread-4] TRACE com.svalero.multihilo.controller.DownloadController - Descarga https://proof.ovh.net/files/1Gb.dat cancelada
06:22:54.687 [JavaFX Application Thread] TRACE com.svalero.multihilo.controller.DownloadController - Descarga https://proof.ovh.net/files/1Gb.dat detenida
06:22:56.069 [JavaFX Application Thread] INFO  com.svalero.multihilo.controller.DownloadController - Archivo https://proof.ovh.net/files/1Gb.dat borrado
06:31:01.452 [JavaFX Application Thread] INFO  com.svalero.multihilo.controller.DownloadController - Descarga https://proof.ovh.net/files/1Gb.dat creada
06:31:28.423 [JavaFX Application Thread] INFO  com.svalero.multihilo.controller.DownloadController - Descarga https://proof.ovh.net/files/1Gb.dat creada
19:54:51.611 [JavaFX Application Thread] INFO  com.svalero.multihilo.controller.DownloadController - Descarga https://proof.ovh.net/files/1Gb.dat creada
19:54:54.578 [Thread-3] TRACE com.svalero.multihilo.controller.DownloadController - Descarga https://proof.ovh.net/files/1Gb.dat iniciada
20:05:34.459 [JavaFX Application Thread] INFO  com.svalero.multihilo.controller.DownloadController - Descarga https://proof.ovh.net/files/1Gb.dat creada
20:05:43.627 [Thread-3] TRACE com.svalero.multihilo.controller.DownloadController - Descarga https://proof.ovh.net/files/1Gb.dat iniciada
20:07:19.445 [JavaFX Application Thread] INFO  com.svalero.multihilo.controller.DownloadController - Descarga https://proof.ovh.net/files/1Gb.dat creada
20:07:21.089 [Thread-3] TRACE com.svalero.multihilo.controller.DownloadController - Descarga https://proof.ovh.net/files/1Gb.dat iniciada
20:07:32.923 [Thread-4] TRACE com.svalero.multihilo.controller.DownloadController - Descarga https://proof.ovh.net/files/1Gb.dat iniciada
20:07:54.849 [Thread-5] TRACE com.svalero.multihilo.controller.DownloadController - Descarga https://proof.ovh.net/files/1Gb.dat iniciada
20:08:07.087 [JavaFX Application Thread] INFO  com.svalero.multihilo.controller.DownloadController - Descarga https://proof.ovh.net/files/1Gb.dat creada
20:08:12.388 [Thread-6] TRACE com.svalero.multihilo.controller.DownloadController - Descarga https://proof.ovh.net/files/1Gb.dat iniciada
20:38:06.336 [JavaFX Application Thread] INFO  com.svalero.multihilo.controller.DownloadController - Descarga https://proof.ovh.net/files/1Gb.dat creada
20:53:38.275 [JavaFX Application Thread] INFO  com.svalero.multihilo.controller.DownloadController - Descarga https://proof.ovh.net/files/1Gb.dat creada
20:53:56.709 [Thread-3] TRACE com.svalero.multihilo.controller.DownloadController - Descarga https://proof.ovh.net/files/1Gb.dat iniciada
20:54:27.330 [JavaFX Application Thread] TRACE com.svalero.multihilo.controller.DownloadController - Descarga https://proof.ovh.net/files/1Gb.dat detenida
20:54:29.391 [JavaFX Application Thread] INFO  com.svalero.multihilo.controller.DownloadController - Archivo https://proof.ovh.net/files/1Gb.dat borrado
20:54:45.170 [JavaFX Application Thread] INFO  com.svalero.multihilo.controller.DownloadController - Descarga https://proof.ovh.net/files/1Gb.dat creada
21:07:52.377 [JavaFX Application Thread] INFO  com.svalero.multihilo.controller.DownloadController - Descarga https://proof.ovh.net/files/1Gb.dat creada
21:08:01.248 [Thread-3] TRACE com.svalero.multihilo.controller.DownloadController - Descarga https://proof.ovh.net/files/1Gb.dat iniciada
21:11:06.897 [JavaFX Application Thread] INFO  com.svalero.multihilo.controller.DownloadController - Descarga https://proof.ovh.net/files/1Gb.dat creada
21:14:33.863 [JavaFX Application Thread] INFO  com.svalero.multihilo.controller.DownloadController - Descarga https://proof.ovh.net/files/1Gb.dat creada
21:15:32.609 [Thread-3] TRACE com.svalero.multihilo.controller.DownloadController - Descarga https://proof.ovh.net/files/1Gb.dat iniciada
21:15:41.794 [Thread-3] TRACE com.svalero.multihilo.controller.DownloadController - Descarga https://proof.ovh.net/files/1Gb.dat cancelada
21:15:41.918 [JavaFX Application Thread] TRACE com.svalero.multihilo.controller.DownloadController - Descarga https://proof.ovh.net/files/1Gb.dat detenida
21:15:46.084 [JavaFX Application Thread] INFO  com.svalero.multihilo.controller.DownloadController - Archivo https://proof.ovh.net/files/1Gb.dat borrado
21:15:57.134 [JavaFX Application Thread] TRACE com.svalero.multihilo.controller.DownloadController - Descarga https://proof.ovh.net/files/1Gb.dat detenida
21:15:59.205 [JavaFX Application Thread] INFO  com.svalero.multihilo.controller.DownloadController - Archivo https://proof.ovh.net/files/1Gb.dat borrado
21:17:05.124 [JavaFX Application Thread] INFO  com.svalero.multihilo.controller.DownloadController - Descarga https://proof.ovh.net/files/1Gb.dat creada
21:17:34.302 [Thread-4] TRACE com.svalero.multihilo.controller.DownloadController - Descarga https://proof.ovh.net/files/1Gb.dat iniciada
21:17:40.221 [Thread-4] TRACE com.svalero.multihilo.controller.DownloadController - Descarga https://proof.ovh.net/files/1Gb.dat cancelada
21:17:40.264 [JavaFX Application Thread] TRACE com.svalero.multihilo.controller.DownloadController - Descarga https://proof.ovh.net/files/1Gb.dat detenida
21:17:45.180 [JavaFX Application Thread] INFO  com.svalero.multihilo.controller.DownloadController - Archivo https://proof.ovh.net/files/1Gb.dat borrado
21:26:11.354 [JavaFX Application Thread] INFO  com.svalero.multihilo.controller.DownloadController - Descarga https://proof.ovh.net/files/1Gb.dat creada
21:26:11.372 [JavaFX Application Thread] INFO  com.svalero.multihilo.controller.DownloadController - Descarga https://proof.ovh.net/files/1Gb.dat creada
21:26:11.391 [JavaFX Application Thread] INFO  com.svalero.multihilo.controller.DownloadController - Descarga https://proof.ovh.net/files/1Gb.dat creada
21:33:59.795 [Thread-5] TRACE com.svalero.multihilo.controller.DownloadController - Descarga https://proof.ovh.net/files/1Gb.dat iniciada
21:34:01.443 [Thread-6] TRACE com.svalero.multihilo.controller.DownloadController - Descarga https://proof.ovh.net/files/1Gb.dat iniciada
21:34:02.965 [Thread-7] TRACE com.svalero.multihilo.controller.DownloadController - Descarga https://proof.ovh.net/files/1Gb.dat iniciada
21:34:17.155 [Thread-6] TRACE com.svalero.multihilo.controller.DownloadController - Descarga https://proof.ovh.net/files/1Gb.dat finalizada
21:34:34.521 [Thread-7] TRACE com.svalero.multihilo.controller.DownloadController - Descarga https://proof.ovh.net/files/1Gb.dat cancelada
21:34:34.553 [JavaFX Application Thread] TRACE com.svalero.multihilo.controller.DownloadController - Descarga https://proof.ovh.net/files/1Gb.dat detenida
21:34:37.497 [JavaFX Application Thread] INFO  com.svalero.multihilo.controller.DownloadController - Archivo https://proof.ovh.net/files/1Gb.dat borrado
21:34:45.988 [JavaFX Application Thread] TRACE com.svalero.multihilo.controller.DownloadController - Descarga https://proof.ovh.net/files/1Gb.dat detenida
21:34:47.651 [JavaFX Application Thread] INFO  com.svalero.multihilo.controller.DownloadController - Archivo https://proof.ovh.net/files/1Gb.dat borrado
21:34:47.658 [Thread-5] TRACE com.svalero.multihilo.controller.DownloadController - Descarga https://proof.ovh.net/files/1Gb.dat cancelada
21:34:47.686 [JavaFX Application Thread] TRACE com.svalero.multihilo.controller.DownloadController - Descarga https://proof.ovh.net/files/1Gb.dat detenida
21:34:48.249 [JavaFX Application Thread] INFO  com.svalero.multihilo.controller.DownloadController - Archivo https://proof.ovh.net/files/1Gb.dat borrado
21:34:48.250 [JavaFX Application Thread] TRACE com.svalero.multihilo.controller.DownloadController - Descarga https://proof.ovh.net/files/1Gb.dat detenida
21:34:49.097 [JavaFX Application Thread] INFO  com.svalero.multihilo.controller.DownloadController - Archivo https://proof.ovh.net/files/1Gb.dat borrado
21:34:49.097 [JavaFX Application Thread] TRACE com.svalero.multihilo.controller.DownloadController - Descarga https://proof.ovh.net/files/1Gb.dat detenida
21:34:49.823 [JavaFX Application Thread] INFO  com.svalero.multihilo.controller.DownloadController - Archivo https://proof.ovh.net/files/1Gb.dat borrado
21:37:15.135 [JavaFX Application Thread] INFO  com.svalero.multihilo.controller.DownloadController - Descarga https://proof.ovh.net/files/1Gb.dat creada
21:40:44.293 [JavaFX Application Thread] INFO  com.svalero.multihilo.controller.DownloadController - Descarga https://proof.ovh.net/files/1Gb.dat creada
21:41:16.943 [Thread-3] TRACE com.svalero.multihilo.controller.DownloadController - Descarga https://proof.ovh.net/files/1Gb.dat iniciada
21:45:52.978 [JavaFX Application Thread] INFO  com.svalero.multihilo.controller.DownloadController - Descarga https://proof.ovh.net/files/1Gb.dat creada
21:46:13.971 [Thread-3] TRACE com.svalero.multihilo.controller.DownloadController - Descarga https://proof.ovh.net/files/1Gb.dat iniciada
21:46:24.793 [Thread-3] TRACE com.svalero.multihilo.controller.DownloadController - Descarga https://proof.ovh.net/files/1Gb.dat cancelada
21:46:24.911 [JavaFX Application Thread] TRACE com.svalero.multihilo.controller.DownloadController - Descarga https://proof.ovh.net/files/1Gb.dat detenida
21:46:28.779 [JavaFX Application Thread] INFO  com.svalero.multihilo.controller.DownloadController - Archivo https://proof.ovh.net/files/1Gb.dat borrado
21:49:16.712 [Thread-4] TRACE com.svalero.multihilo.controller.DownloadController - Descarga https://proof.ovh.net/files/1Gb.dat iniciada
21:49:17.038 [JavaFX Application Thread] TRACE com.svalero.multihilo.controller.DownloadController - Descarga https://proof.ovh.net/files/1Gb.dat detenida
21:49:17.264 [Thread-4] TRACE com.svalero.multihilo.controller.DownloadController - Descarga https://proof.ovh.net/files/1Gb.dat cancelada
21:49:20.109 [JavaFX Application Thread] INFO  com.svalero.multihilo.controller.DownloadController - Archivo https://proof.ovh.net/files/1Gb.dat borrado
21:49:29.340 [JavaFX Application Thread] INFO  com.svalero.multihilo.controller.DownloadController - Descarga https://proof.ovh.net/files/1Gb.dat creada
21:50:02.883 [Thread-5] TRACE com.svalero.multihilo.controller.DownloadController - Descarga https://proof.ovh.net/files/1Gb.dat iniciada
21:50:07.785 [Thread-5] TRACE com.svalero.multihilo.controller.DownloadController - Descarga https://proof.ovh.net/files/1Gb.dat cancelada
21:50:07.824 [JavaFX Application Thread] TRACE com.svalero.multihilo.controller.DownloadController - Descarga https://proof.ovh.net/files/1Gb.dat detenida
21:50:09.513 [JavaFX Application Thread] INFO  com.svalero.multihilo.controller.DownloadController - Archivo https://proof.ovh.net/files/1Gb.dat borrado
21:50:38.948 [JavaFX Application Thread] INFO  com.svalero.multihilo.controller.DownloadController - Descarga https://proof.ovh.net/files/1Gb.dat creada
21:50:38.969 [JavaFX Application Thread] INFO  com.svalero.multihilo.controller.DownloadController - Descarga https://proof.ovh.net/files/1Gb.dat creada
21:50:38.986 [JavaFX Application Thread] INFO  com.svalero.multihilo.controller.DownloadController - Descarga https://proof.ovh.net/files/1Gb.dat creada
21:50:42.333 [Thread-6] TRACE com.svalero.multihilo.controller.DownloadController - Descarga https://proof.ovh.net/files/1Gb.dat iniciada
21:50:43.862 [Thread-7] TRACE com.svalero.multihilo.controller.DownloadController - Descarga https://proof.ovh.net/files/1Gb.dat iniciada
21:50:45.498 [Thread-8] TRACE com.svalero.multihilo.controller.DownloadController - Descarga https://proof.ovh.net/files/1Gb.dat iniciada
21:50:48.019 [JavaFX Application Thread] TRACE com.svalero.multihilo.controller.DownloadController - Descarga https://proof.ovh.net/files/1Gb.dat detenida
21:50:49.465 [JavaFX Application Thread] INFO  com.svalero.multihilo.controller.DownloadController - Archivo https://proof.ovh.net/files/1Gb.dat borrado
21:50:49.494 [Thread-8] TRACE com.svalero.multihilo.controller.DownloadController - Descarga https://proof.ovh.net/files/1Gb.dat cancelada
21:50:49.503 [JavaFX Application Thread] TRACE com.svalero.multihilo.controller.DownloadController - Descarga https://proof.ovh.net/files/1Gb.dat detenida
21:50:50.948 [JavaFX Application Thread] INFO  com.svalero.multihilo.controller.DownloadController - Archivo https://proof.ovh.net/files/1Gb.dat borrado
21:50:50.948 [JavaFX Application Thread] TRACE com.svalero.multihilo.controller.DownloadController - Descarga https://proof.ovh.net/files/1Gb.dat detenida
21:50:53.777 [JavaFX Application Thread] INFO  com.svalero.multihilo.controller.DownloadController - Archivo https://proof.ovh.net/files/1Gb.dat borrado
21:53:58.626 [Thread-7] TRACE com.svalero.multihilo.controller.DownloadController - Descarga https://proof.ovh.net/files/1Gb.dat finalizada
21:53:59.044 [Thread-6] TRACE com.svalero.multihilo.controller.DownloadController - Descarga https://proof.ovh.net/files/1Gb.dat finalizada
21:54:11.612 [JavaFX Application Thread] INFO  com.svalero.multihilo.controller.DownloadController - Descarga https://proof.ovh.net/files/1Gb.dat creada
21:54:19.734 [Thread-9] TRACE com.svalero.multihilo.controller.DownloadController - Descarga https://proof.ovh.net/files/1Gb.dat iniciada
21:54:29.883 [Thread-9] TRACE com.svalero.multihilo.controller.DownloadController - Descarga https://proof.ovh.net/files/1Gb.dat cancelada
21:54:29.920 [JavaFX Application Thread] TRACE com.svalero.multihilo.controller.DownloadController - Descarga https://proof.ovh.net/files/1Gb.dat detenida
21:54:31.984 [JavaFX Application Thread] INFO  com.svalero.multihilo.controller.DownloadController - Archivo https://proof.ovh.net/files/1Gb.dat borrado
21:54:38.523 [JavaFX Application Thread] TRACE com.svalero.multihilo.controller.DownloadController - Descarga https://proof.ovh.net/files/1Gb.dat detenida
21:54:40.204 [JavaFX Application Thread] INFO  com.svalero.multihilo.controller.DownloadController - Archivo https://proof.ovh.net/files/1Gb.dat borrado
21:55:04.913 [JavaFX Application Thread] INFO  com.svalero.multihilo.controller.DownloadController - Descarga https://proof.ovh.net/files/1Gb.dat creada
21:55:04.931 [JavaFX Application Thread] INFO  com.svalero.multihilo.controller.DownloadController - Descarga https://proof.ovh.net/files/1Gb.dat creada
21:55:04.948 [JavaFX Application Thread] INFO  com.svalero.multihilo.controller.DownloadController - Descarga https://proof.ovh.net/files/1Gb.dat creada
21:55:09.545 [Thread-10] TRACE com.svalero.multihilo.controller.DownloadController - Descarga https://proof.ovh.net/files/1Gb.dat iniciada
21:55:11.231 [Thread-11] TRACE com.svalero.multihilo.controller.DownloadController - Descarga https://proof.ovh.net/files/1Gb.dat iniciada
21:55:14.064 [Thread-12] TRACE com.svalero.multihilo.controller.DownloadController - Descarga https://proof.ovh.net/files/1Gb.dat iniciada
21:55:20.387 [Thread-12] TRACE com.svalero.multihilo.controller.DownloadController - Descarga https://proof.ovh.net/files/1Gb.dat cancelada
21:55:20.422 [JavaFX Application Thread] TRACE com.svalero.multihilo.controller.DownloadController - Descarga https://proof.ovh.net/files/1Gb.dat detenida
21:55:21.864 [JavaFX Application Thread] INFO  com.svalero.multihilo.controller.DownloadController - Archivo https://proof.ovh.net/files/1Gb.dat borrado
21:58:20.394 [Thread-11] TRACE com.svalero.multihilo.controller.DownloadController - Descarga https://proof.ovh.net/files/1Gb.dat finalizada
21:58:25.201 [Thread-10] TRACE com.svalero.multihilo.controller.DownloadController - Descarga https://proof.ovh.net/files/1Gb.dat finalizada
